    OpenRGB v0.9
    Commit: b5f46e3f1de03595656c682fc2f068b66e735e63 from 2023-07-09 22:51:47 -0500
    Launched: 20231213_164531
====================================================================================================

1003  |Info:    Saving detector settings
1005  |Info:    ------------------------------------------------------
1005  |Info:    |               Start device detection               |
1005  |Info:    ------------------------------------------------------
1006  |Info:    Initializing HID interfaces: Success
1014  |Info:    ------------------------------------------------------
1014  |Info:    |             Detecting I2C interfaces               |
1014  |Info:    ------------------------------------------------------
1015  |Info:    Registering I2C interface: /dev/i2c-3 Device 0000:0000 Subsystem: 0000:0000
1015  |Info:    Registering I2C interface: /dev/i2c-1 Device 0000:0000 Subsystem: 0000:0000
1015  |Info:    Registering I2C interface: /dev/i2c-6 Device 0000:0000 Subsystem: 0000:0000
1015  |Info:    Registering I2C interface: /dev/i2c-4 Device 0000:0000 Subsystem: 0000:0000
1022  |Info:    Registering I2C interface: /dev/i2c-2 Device 0000:0000 Subsystem: 0000:0000
1023  |Info:    Registering I2C interface: /dev/i2c-9 Device 10DE:1E84 Subsystem: 1462:373E
1023  |Info:    Registering I2C interface: /dev/i2c-5 Device 0000:0000 Subsystem: 0000:0000
1023  |Info:    Registering I2C interface: /dev/i2c-12 Device 10DE:1E84 Subsystem: 1462:373E
1024  |Info:    ------------------------------------------------------
1024  |Info:    |               Detecting I2C devices                |
1024  |Info:    ------------------------------------------------------
1045  |Info:    ------------------------------------------------------
1045  |Info:    |               Detecting I2C PCI devices            |
1045  |Info:    ------------------------------------------------------
1046  |Info:    ------------------------------------------------------
1046  |Info:    |               Detecting HID devices                |
1046  |Info:    ------------------------------------------------------
2417  |Info:    [NZXT Kraken X3 Series] Registering RGB controller
2432  |Info:    [KLM] Created new Full 104 key DEFAULT  with 6 rows and 21 columns containing 106 keys
2432  |Info:    [Razer Ornata Chroma] Registering RGB controller
2496  |Info:    [Corsair Lighting Node Pro] Registering RGB controller
2673  |Info:    [Z690 AORUS ELITE DDR4] Registering RGB controller
2684  |Info:    [Razer Mamba Elite] Registering RGB controller
2684  |Info:    ------------------------------------------------------
2684  |Info:    |            Detecting libusb HID devices            |
2684  |Info:    ------------------------------------------------------
2684  |Info:    ------------------------------------------------------
2684  |Info:    |              Detecting other devices               |
2684  |Info:    ------------------------------------------------------
2690  |Info:    ------------------------------------------------------
2690  |Info:    |                Detection completed                 |
2690  |Info:    ------------------------------------------------------
2690  |Dialog:  <h2>WARNING:</h2><p>One or more I2C/SMBus interfaces failed to initialize.</p><p>RGB DRAM modules and some motherboards' onboard RGB lighting will not be available without I2C/SMBus.</p><p>On Linux, this is usually because the i2c-dev module is not loaded.  You must load the i2c-dev module along with the correct i2c driver for your motherboard.  This is usually i2c-piix4 for AMD systems and i2c-i801 for Intel systems.</p><p>See <a href='https://help.openrgb.org/'>help.openrgb.org</a> for additional troubleshooting steps if you keep seeing this message.<br></p>
