    OpenRGB v0.9
    Commit: b5f46e3f1de03595656c682fc2f068b66e735e63 from 2023-07-09 22:51:47 -0500
    Launched: 20231213_171331
====================================================================================================

1002  |Info:    ------------------------------------------------------
1002  |Info:    |               Start device detection               |
1002  |Info:    ------------------------------------------------------
1003  |Info:    Initializing HID interfaces: Success
1010  |Info:    ------------------------------------------------------
1010  |Info:    |             Detecting I2C interfaces               |
1010  |Info:    ------------------------------------------------------
1011  |Info:    Registering I2C interface: /dev/i2c-3 Device 0000:0000 Subsystem: 0000:0000
1011  |Info:    Registering I2C interface: /dev/i2c-1 Device 0000:0000 Subsystem: 0000:0000
1011  |Info:    Registering I2C interface: /dev/i2c-6 Device 0000:0000 Subsystem: 0000:0000
1011  |Info:    Registering I2C interface: /dev/i2c-4 Device 0000:0000 Subsystem: 0000:0000
1011  |Info:    Registering I2C interface: /dev/i2c-2 Device 0000:0000 Subsystem: 0000:0000
1011  |Info:    Registering I2C interface: /dev/i2c-9 Device 10DE:1E84 Subsystem: 1462:373E
1011  |Info:    Registering I2C interface: /dev/i2c-5 Device 0000:0000 Subsystem: 0000:0000
1011  |Info:    Registering I2C interface: /dev/i2c-12 Device 10DE:1E84 Subsystem: 1462:373E
1011  |Info:    ------------------------------------------------------
1011  |Info:    |               Detecting I2C devices                |
1011  |Info:    ------------------------------------------------------
1030  |Info:    ------------------------------------------------------
1030  |Info:    |               Detecting I2C PCI devices            |
1030  |Info:    ------------------------------------------------------
1031  |Info:    ------------------------------------------------------
1031  |Info:    |               Detecting HID devices                |
1031  |Info:    ------------------------------------------------------
2295  |Info:    [NZXT Kraken X3 Series] Registering RGB controller
2309  |Info:    [KLM] Created new Full 104 key DEFAULT  with 6 rows and 21 columns containing 106 keys
2309  |Info:    [Razer Ornata Chroma] Registering RGB controller
2368  |Info:    [Corsair Lighting Node Pro] Registering RGB controller
2535  |Info:    [Z690 AORUS ELITE DDR4] Registering RGB controller
2545  |Info:    [Razer Mamba Elite] Registering RGB controller
2546  |Info:    ------------------------------------------------------
2546  |Info:    |            Detecting libusb HID devices            |
2546  |Info:    ------------------------------------------------------
2546  |Info:    ------------------------------------------------------
2546  |Info:    |              Detecting other devices               |
2546  |Info:    ------------------------------------------------------
2556  |Info:    ------------------------------------------------------
2556  |Info:    |                Detection completed                 |
2556  |Info:    ------------------------------------------------------
2556  |Dialog:  <h2>WARNING:</h2><p>One or more I2C/SMBus interfaces failed to initialize.</p><p>RGB DRAM modules and some motherboards' onboard RGB lighting will not be available without I2C/SMBus.</p><p>On Linux, this is usually because the i2c-dev module is not loaded.  You must load the i2c-dev module along with the correct i2c driver for your motherboard.  This is usually i2c-piix4 for AMD systems and i2c-i801 for Intel systems.</p><p>See <a href='https://help.openrgb.org/'>help.openrgb.org</a> for additional troubleshooting steps if you keep seeing this message.<br></p>
